# JRE version: OpenJDK Runtime Environment (8.0_91-b14) (build 1.8.0_91-8u91-b14-3ubuntu1~16.04.1-b14)
# Java VM: OpenJDK 64-Bit Server VM (25.91-b14 mixed mode linux-amd64 compressed oops)
Heap:
 PSYoungGen      total 36352K, used 12592K [0x00000000d7f00000, 0x00000000da780000, 0x0000000100000000)
  eden space 31232K, 40% used [0x00000000d7f00000,0x00000000d8b4c258,0x00000000d9d80000)
  from space 5120K, 0% used [0x00000000d9d80000,0x00000000d9d80000,0x00000000da280000)
  to   space 5120K, 0% used [0x00000000da280000,0x00000000da280000,0x00000000da780000)
 ParOldGen       total 83456K, used 4693K [0x0000000087c00000, 0x000000008cd80000, 0x00000000d7f00000)
  object space 83456K, 5% used [0x0000000087c00000,0x0000000088095740,0x000000008cd80000)
 Metaspace       used 22282K, capacity 22708K, committed 22912K, reserved 1069056K
  class space    used 2721K, capacity 2843K, committed 2944K, reserved 1048576K
GC Heap History (10 events):
Event: 1.807 GC heap before
{Heap before GC invocations=6 (full 3):
 PSYoungGen      total 36352K, used 160K [0x00000000d7f00000, 0x00000000da780000, 0x0000000100000000)
  eden space 31232K, 0% used [0x00000000d7f00000,0x00000000d7f00000,0x00000000d9d80000)
  from space 5120K, 3% used [0x00000000d9d80000,0x00000000d9da8000,0x00000000da280000)
  to   space 5120K, 0% used [0x00000000da280000,0x00000000da280000,0x00000000da780000)
 ParOldGen       total 83456K, used 4242K [0x0000000087c00000, 0x000000008cd80000, 0x00000000d7f00000)
  object space 83456K, 5% used [0x0000000087c00000,0x0000000088024968,0x000000008cd80000)
 Metaspace       used 18591K, capacity 18936K, committed 19200K, reserved 1067008K
  class space    used 2344K, capacity 2472K, committed 2560K, reserved 1048576K
Event: 1.885 GC heap after
Heap after GC invocations=6 (full 3):
 PSYoungGen      total 36352K, used 0K [0x00000000d7f00000, 0x00000000da780000, 0x0000000100000000)
  eden space 31232K, 0% used [0x00000000d7f00000,0x00000000d7f00000,0x00000000d9d80000)
  from space 5120K, 0% used [0x00000000d9d80000,0x00000000d9d80000,0x00000000da280000)
  to   space 5120K, 0% used [0x00000000da280000,0x00000000da280000,0x00000000da780000)
 ParOldGen       total 83456K, used 3956K [0x0000000087c00000, 0x000000008cd80000, 0x00000000d7f00000)
  object space 83456K, 4% used [0x0000000087c00000,0x0000000087fdd0f0,0x000000008cd80000)
 Metaspace       used 18591K, capacity 18936K, committed 19200K, reserved 1067008K
  class space    used 2344K, capacity 2472K, committed 2560K, reserved 1048576K
}
Event: 18.425 GC heap before
{Heap before GC invocations=7 (full 3):
 PSYoungGen      total 36352K, used 15863K [0x00000000d7f00000, 0x00000000da780000, 0x0000000100000000)
  eden space 31232K, 50% used [0x00000000d7f00000,0x00000000d8e7dcd8,0x00000000d9d80000)
  from space 5120K, 0% used [0x00000000d9d80000,0x00000000d9d80000,0x00000000da280000)
  to   space 5120K, 0% used [0x00000000da280000,0x00000000da280000,0x00000000da780000)
 ParOldGen       total 83456K, used 3956K [0x0000000087c00000, 0x000000008cd80000, 0x00000000d7f00000)
  object space 83456K, 4% used [0x0000000087c00000,0x0000000087fdd0f0,0x000000008cd80000)
 Metaspace       used 21962K, capacity 22356K, committed 22528K, reserved 1069056K
  class space    used 2713K, capacity 2811K, committed 2816K, reserved 1048576K
Event: 18.430 GC heap after
Heap after GC invocations=7 (full 3):
 PSYoungGen      total 36352K, used 2728K [0x00000000d7f00000, 0x00000000da780000, 0x0000000100000000)
  eden space 31232K, 0% used [0x00000000d7f00000,0x00000000d7f00000,0x00000000d9d80000)
  from space 5120K, 53% used [0x00000000da280000,0x00000000da52a070,0x00000000da780000)
  to   space 5120K, 0% used [0x00000000d9d80000,0x00000000d9d80000,0x00000000da280000)
 ParOldGen       total 83456K, used 3964K [0x0000000087c00000, 0x000000008cd80000, 0x00000000d7f00000)
  object space 83456K, 4% used [0x0000000087c00000,0x0000000087fdf0f0,0x000000008cd80000)
 Metaspace       used 21962K, capacity 22356K, committed 22528K, reserved 1069056K
  class space    used 2713K, capacity 2811K, committed 2816K, reserved 1048576K
}
Event: 18.430 GC heap before
{Heap before GC invocations=8 (full 4):
 PSYoungGen      total 36352K, used 2728K [0x00000000d7f00000, 0x00000000da780000, 0x0000000100000000)
  eden space 31232K, 0% used [0x00000000d7f00000,0x00000000d7f00000,0x00000000d9d80000)
  from space 5120K, 53% used [0x00000000da280000,0x00000000da52a070,0x00000000da780000)
  to   space 5120K, 0% used [0x00000000d9d80000,0x00000000d9d80000,0x00000000da280000)
 ParOldGen       total 83456K, used 3964K [0x0000000087c00000, 0x000000008cd80000, 0x00000000d7f00000)
  object space 83456K, 4% used [0x0000000087c00000,0x0000000087fdf0f0,0x000000008cd80000)
 Metaspace       used 21962K, capacity 22356K, committed 22528K, reserved 1069056K
  class space    used 2713K, capacity 2811K, committed 2816K, reserved 1048576K
Event: 18.496 GC heap after
Heap after GC invocations=8 (full 4):
 PSYoungGen      total 36352K, used 0K [0x00000000d7f00000, 0x00000000da780000, 0x0000000100000000)
  eden space 31232K, 0% used [0x00000000d7f00000,0x00000000d7f00000,0x00000000d9d80000)
  from space 5120K, 0% used [0x00000000da280000,0x00000000da280000,0x00000000da780000)
  to   space 5120K, 0% used [0x00000000d9d80000,0x00000000d9d80000,0x00000000da280000)
 ParOldGen       total 83456K, used 6528K [0x0000000087c00000, 0x000000008cd80000, 0x00000000d7f00000)
  object space 83456K, 7% used [0x0000000087c00000,0x00000000882600f8,0x000000008cd80000)
 Metaspace       used 21962K, capacity 22356K, committed 22528K, reserved 1069056K
  class space    used 2713K, capacity 2811K, committed 2816K, reserved 1048576K
}
Event: 18.497 GC heap before
{Heap before GC invocations=9 (full 4):
 PSYoungGen      total 36352K, used 737K [0x00000000d7f00000, 0x00000000da780000, 0x0000000100000000)
  eden space 31232K, 2% used [0x00000000d7f00000,0x00000000d7fb84e0,0x00000000d9d80000)
  from space 5120K, 0% used [0x00000000da280000,0x00000000da280000,0x00000000da780000)
  to   space 5120K, 0% used [0x00000000d9d80000,0x00000000d9d80000,0x00000000da280000)
 ParOldGen       total 83456K, used 6528K [0x0000000087c00000, 0x000000008cd80000, 0x00000000d7f00000)
  object space 83456K, 7% used [0x0000000087c00000,0x00000000882600f8,0x000000008cd80000)
 Metaspace       used 21963K, capacity 22356K, committed 22528K, reserved 1069056K
  class space    used 2713K, capacity 2811K, committed 2816K, reserved 1048576K
Event: 18.499 GC heap after
Heap after GC invocations=9 (full 4):
 PSYoungGen      total 36352K, used 64K [0x00000000d7f00000, 0x00000000da780000, 0x0000000100000000)
  eden space 31232K, 0% used [0x00000000d7f00000,0x00000000d7f00000,0x00000000d9d80000)
  from space 5120K, 1% used [0x00000000d9d80000,0x00000000d9d90000,0x00000000da280000)
  to   space 5120K, 0% used [0x00000000da280000,0x00000000da280000,0x00000000da780000)
 ParOldGen       total 83456K, used 6528K [0x0000000087c00000, 0x000000008cd80000, 0x00000000d7f00000)
  object space 83456K, 7% used [0x0000000087c00000,0x00000000882600f8,0x000000008cd80000)
 Metaspace       used 21963K, capacity 22356K, committed 22528K, reserved 1069056K
  class space    used 2713K, capacity 2811K, committed 2816K, reserved 1048576K
}
Event: 18.499 GC heap before
{Heap before GC invocations=10 (full 5):
 PSYoungGen      total 36352K, used 64K [0x00000000d7f00000, 0x00000000da780000, 0x0000000100000000)
  eden space 31232K, 0% used [0x00000000d7f00000,0x00000000d7f00000,0x00000000d9d80000)
  from space 5120K, 1% used [0x00000000d9d80000,0x00000000d9d90000,0x00000000da280000)
  to   space 5120K, 0% used [0x00000000da280000,0x00000000da280000,0x00000000da780000)
 ParOldGen       total 83456K, used 6528K [0x0000000087c00000, 0x000000008cd80000, 0x00000000d7f00000)
  object space 83456K, 7% used [0x0000000087c00000,0x00000000882600f8,0x000000008cd80000)
 Metaspace       used 21963K, capacity 22356K, committed 22528K, reserved 1069056K
  class space    used 2713K, capacity 2811K, committed 2816K, reserved 1048576K
Event: 18.535 GC heap after
Heap after GC invocations=10 (full 5):
 PSYoungGen      total 36352K, used 0K [0x00000000d7f00000, 0x00000000da780000, 0x0000000100000000)
  eden space 31232K, 0% used [0x00000000d7f00000,0x00000000d7f00000,0x00000000d9d80000)
  from space 5120K, 0% used [0x00000000d9d80000,0x00000000d9d80000,0x00000000da280000)
  to   space 5120K, 0% used [0x00000000da280000,0x00000000da280000,0x00000000da780000)
 ParOldGen       total 83456K, used 4693K [0x0000000087c00000, 0x000000008cd80000, 0x00000000d7f00000)
  object space 83456K, 5% used [0x0000000087c00000,0x0000000088095740,0x000000008cd80000)
 Metaspace       used 21963K, capacity 22356K, committed 22528K, reserved 1069056K
  class space    used 2713K, capacity 2811K, committed 2816K, reserved 1048576K
}

